<?xml version="1.0" encoding="UTF-8"?>
<testng-results ignored="0" total="1" passed="1" failed="0" skipped="0">
  <reporter-output>
  </reporter-output>
  <suite started-at="2026-02-21T13:26:51 IST" name="Alaska Trips Suite" finished-at="2026-02-21T13:27:04 IST" duration-ms="13031">
    <groups>
    </groups>
    <test started-at="2026-02-21T13:26:51 IST" name="Winter Tours Test" finished-at="2026-02-21T13:27:04 IST" duration-ms="13031">
      <class name="tests.WinterToursTest">
        <test-method is-config="true" signature="setup()[pri:0, instance:tests.WinterToursTest@6356695f]" started-at="2026-02-21T13:26:52 IST" name="setup" finished-at="2026-02-21T13:26:59 IST" duration-ms="7308" status="PASS">
          <reporter-output>
          </reporter-output>
        </test-method> <!-- setup -->
        <test-method signature="winterToursTest(java.util.Hashtable)[pri:0, instance:tests.WinterToursTest@6356695f]" started-at="2026-02-21T13:26:59 IST" name="winterToursTest" data-provider="dp" finished-at="2026-02-21T13:27:04 IST" duration-ms="4805" status="PASS">
          <params>
            <param index="0">
              <value>
                <![CDATA[{Name=Khaleefullah Akbar Ali, Message=Hi This is Khaleefullah from Chennai, Phone=9791253589, Email=khaleefullah.a@gmail.com}]]>
              </value>
            </param>
          </params>
          <reporter-output>
          </reporter-output>
        </test-method> <!-- winterToursTest -->
        <test-method is-config="true" signature="teardown()[pri:0, instance:tests.WinterToursTest@6356695f]" started-at="2026-02-21T13:27:04 IST" name="teardown" finished-at="2026-02-21T13:27:04 IST" duration-ms="134" status="PASS">
          <reporter-output>
          </reporter-output>
        </test-method> <!-- teardown -->
      </class> <!-- tests.WinterToursTest -->
    </test> <!-- Winter Tours Test -->
  </suite> <!-- Alaska Trips Suite -->
</testng-results>
