<?xml version="1.0" encoding="UTF-8"?>
<testng-results ignored="0" total="2" passed="2" failed="0" skipped="0">
  <reporter-output>
  </reporter-output>
  <suite started-at="2026-02-21T13:56:24 IST" name="Alaska Trips Suite" finished-at="2026-02-21T13:56:42 IST" duration-ms="17394">
    <groups>
    </groups>
    <test started-at="2026-02-21T13:56:24 IST" name="Winter Tours Test" finished-at="2026-02-21T13:56:34 IST" duration-ms="9757">
      <class name="tests.WinterToursTest">
        <test-method is-config="true" signature="setup()[pri:0, instance:tests.WinterToursTest@6356695f]" started-at="2026-02-21T13:56:25 IST" name="setup" finished-at="2026-02-21T13:56:30 IST" duration-ms="5479" status="PASS">
          <reporter-output>
          </reporter-output>
        </test-method> <!-- setup -->
        <test-method signature="winterToursTest(java.util.Hashtable)[pri:0, instance:tests.WinterToursTest@6356695f]" started-at="2026-02-21T13:56:30 IST" name="winterToursTest" data-provider="dp" finished-at="2026-02-21T13:56:34 IST" duration-ms="3415" status="PASS">
          <params>
            <param index="0">
              <value>
                <![CDATA[{Name=Khaleefullah Akbar Ali, Message=Hi This is Khaleefullah from Chennai, Phone=9791253589, Email=khaleefullah.a@gmail.com}]]>
              </value>
            </param>
          </params>
          <reporter-output>
          </reporter-output>
        </test-method> <!-- winterToursTest -->
        <test-method is-config="true" signature="teardown()[pri:0, instance:tests.WinterToursTest@6356695f]" started-at="2026-02-21T13:56:34 IST" name="teardown" finished-at="2026-02-21T13:56:34 IST" duration-ms="153" status="PASS">
          <reporter-output>
          </reporter-output>
        </test-method> <!-- teardown -->
      </class> <!-- tests.WinterToursTest -->
    </test> <!-- Winter Tours Test -->
    <test started-at="2026-02-21T13:56:34 IST" name="Summer Tours Test" finished-at="2026-02-21T13:56:42 IST" duration-ms="7429">
      <class name="tests.SummerToursTest">
        <test-method is-config="true" signature="setup()[pri:0, instance:tests.SummerToursTest@48f2bd5b]" started-at="2026-02-21T13:56:34 IST" name="setup" finished-at="2026-02-21T13:56:38 IST" duration-ms="4160" status="PASS">
          <reporter-output>
          </reporter-output>
        </test-method> <!-- setup -->
        <test-method signature="summerToursTest(java.util.Hashtable)[pri:0, instance:tests.SummerToursTest@48f2bd5b]" started-at="2026-02-21T13:56:38 IST" name="summerToursTest" data-provider="dp" finished-at="2026-02-21T13:56:41 IST" duration-ms="3140" status="PASS">
          <params>
            <param index="0">
              <value>
                <![CDATA[{Name=Amanullah Akbar Ali, Message=Hi This is Amanullah from Erode, Phone=9943357865, Email=amanullah.a@gmail.com}]]>
              </value>
            </param>
          </params>
          <reporter-output>
          </reporter-output>
        </test-method> <!-- summerToursTest -->
        <test-method is-config="true" signature="teardown()[pri:0, instance:tests.SummerToursTest@48f2bd5b]" started-at="2026-02-21T13:56:41 IST" name="teardown" finished-at="2026-02-21T13:56:42 IST" duration-ms="111" status="PASS">
          <reporter-output>
          </reporter-output>
        </test-method> <!-- teardown -->
      </class> <!-- tests.SummerToursTest -->
    </test> <!-- Summer Tours Test -->
  </suite> <!-- Alaska Trips Suite -->
</testng-results>
