<?xml version="1.0" encoding="UTF-8"?>
<testng-results ignored="0" total="1" passed="1" failed="0" skipped="0">
  <reporter-output>
  </reporter-output>
  <suite started-at="2026-02-20T15:29:31 IST" name="Alaska Trips Suite" finished-at="2026-02-20T15:29:51 IST" duration-ms="20103">
    <groups>
    </groups>
    <test started-at="2026-02-20T15:29:31 IST" name="Winter Tours Test" finished-at="2026-02-20T15:29:51 IST" duration-ms="20103">
      <class name="tests.WinterToursTest">
        <test-method is-config="true" signature="setup()[pri:0, instance:tests.WinterToursTest@1bb5a082]" started-at="2026-02-20T15:29:31 IST" name="setup" finished-at="2026-02-20T15:29:49 IST" duration-ms="18313" status="PASS">
          <reporter-output>
          </reporter-output>
        </test-method> <!-- setup -->
        <test-method signature="winterToursTest()[pri:0, instance:tests.WinterToursTest@1bb5a082]" started-at="2026-02-20T15:29:49 IST" name="winterToursTest" finished-at="2026-02-20T15:29:51 IST" duration-ms="1571" status="PASS">
          <reporter-output>
          </reporter-output>
        </test-method> <!-- winterToursTest -->
        <test-method is-config="true" signature="teardown()[pri:0, instance:tests.WinterToursTest@1bb5a082]" started-at="2026-02-20T15:29:51 IST" name="teardown" finished-at="2026-02-20T15:29:51 IST" duration-ms="167" status="PASS">
          <reporter-output>
          </reporter-output>
        </test-method> <!-- teardown -->
      </class> <!-- tests.WinterToursTest -->
    </test> <!-- Winter Tours Test -->
  </suite> <!-- Alaska Trips Suite -->
</testng-results>
